2023-09-01 13:04:34,631 - werkzeug - INFO - [31m[1mWARNING: This is a development server. Do not use it in a production deployment. Use a production WSGI server instead.[0m
 * Running on http://127.0.0.1:5000
2023-09-01 13:04:34,631 - werkzeug - INFO - [33mPress CTRL+C to quit[0m
2023-09-01 13:04:41,990 - app - ERROR - Exception on /dashboard [GET]
Traceback (most recent call last):
  File "C:\Users\kiera\AppData\Local\Programs\Python\Python311\Lib\site-packages\flask\app.py", line 2190, in wsgi_app
    response = self.full_dispatch_request()
               ^^^^^^^^^^^^^^^^^^^^^^^^^^^^
  File "C:\Users\kiera\AppData\Local\Programs\Python\Python311\Lib\site-packages\flask\app.py", line 1486, in full_dispatch_request
    rv = self.handle_user_exception(e)
         ^^^^^^^^^^^^^^^^^^^^^^^^^^^^^
  File "C:\Users\kiera\AppData\Local\Programs\Python\Python311\Lib\site-packages\flask\app.py", line 1484, in full_dispatch_request
    rv = self.dispatch_request()
         ^^^^^^^^^^^^^^^^^^^^^^^
  File "C:\Users\kiera\AppData\Local\Programs\Python\Python311\Lib\site-packages\flask\app.py", line 1469, in dispatch_request
    return self.ensure_sync(self.view_functions[rule.endpoint])(**view_args)
           ^^^^^^^^^^^^^^^^^^^^^^^^^^^^^^^^^^^^^^^^^^^^^^^^^^^^^^^^^^^^^^^^^
  File "C:\Users\kiera\Desktop\Breath Development\app.py", line 63, in decorated_function
    return f(*args, **kwargs)
           ^^^^^^^^^^^^^^^^^^
  File "C:\Users\kiera\Desktop\Breath Development\app.py", line 252, in dashboard
    return render_template('dashboard.html', projects=projects)
           ^^^^^^^^^^^^^^^^^^^^^^^^^^^^^^^^^^^^^^^^^^^^^^^^^^^^
  File "C:\Users\kiera\AppData\Local\Programs\Python\Python311\Lib\site-packages\flask\templating.py", line 151, in render_template
    return _render(app, template, context)
           ^^^^^^^^^^^^^^^^^^^^^^^^^^^^^^^
  File "C:\Users\kiera\AppData\Local\Programs\Python\Python311\Lib\site-packages\flask\templating.py", line 132, in _render
    rv = template.render(context)
         ^^^^^^^^^^^^^^^^^^^^^^^^
  File "C:\Users\kiera\AppData\Local\Programs\Python\Python311\Lib\site-packages\jinja2\environment.py", line 1301, in render
    self.environment.handle_exception()
  File "C:\Users\kiera\AppData\Local\Programs\Python\Python311\Lib\site-packages\jinja2\environment.py", line 936, in handle_exception
    raise rewrite_traceback_stack(source=source)
  File "C:\Users\kiera\Desktop\Breath Development\templates\dashboard.html", line 1, in top-level template code
    {% extends 'base.html' %}
  File "C:\Users\kiera\Desktop\Breath Development\templates\base.html", line 16, in top-level template code
    <li><a href="{{ url_for('projects') }}">Projects</a></li>
    ^^^^^^^^^^^^^^^^^^^^^^^^^
  File "C:\Users\kiera\AppData\Local\Programs\Python\Python311\Lib\site-packages\flask\app.py", line 1697, in url_for
    return self.handle_url_build_error(error, endpoint, values)
           ^^^^^^^^^^^^^^^^^^^^^^^^^^^^^^^^^^^^^^^^^^^^^^^^^^^^
  File "C:\Users\kiera\AppData\Local\Programs\Python\Python311\Lib\site-packages\flask\app.py", line 1686, in url_for
    rv = url_adapter.build(  # type: ignore[union-attr]
         ^^^^^^^^^^^^^^^^^^^^^^^^^^^^^^^^^^^^^^^^^^^^^^
  File "C:\Users\kiera\AppData\Local\Programs\Python\Python311\Lib\site-packages\werkzeug\routing\map.py", line 950, in build
    raise BuildError(endpoint, values, method, self)
werkzeug.routing.exceptions.BuildError: Could not build url for endpoint 'projects'. Did you forget to specify values ['project_type']?
2023-09-01 13:04:41,994 - werkzeug - INFO - 127.0.0.1    - - [01/Sep/2023 13:04:41] "[35m[1mGET /dashboard HTTP/1.1[0m" 500 -
2023-09-01 13:04:48,591 - werkzeug - INFO - 127.0.0.1 - - [01/Sep/2023 13:04:48] "GET /login HTTP/1.1" 200 -
2023-09-01 13:04:48,622 - werkzeug - INFO - 127.0.0.1 - - [01/Sep/2023 13:04:48] "[36mGET /static/css/login.css HTTP/1.1[0m" 304 -
2023-09-01 13:04:54,929 - werkzeug - INFO - 127.0.0.1 - - [01/Sep/2023 13:04:54] "POST /login HTTP/1.1" 200 -
2023-09-01 13:04:54,939 - werkzeug - INFO - 127.0.0.1 - - [01/Sep/2023 13:04:54] "[36mGET /static/css/login.css HTTP/1.1[0m" 304 -
